D:\Network\Algorithm\Debug\Algorithm.dll.intermediate.manifest
D:\Network\Algorithm\Debug\algorithm.obj
D:\Network\Algorithm\Debug\Algorithm.vcxprojResolveAssemblyReference.cache
D:\Network\Algorithm\Debug\Algorithm.write.1.tlog
D:\Network\Algorithm\Debug\cl.command.1.tlog
D:\Network\Algorithm\Debug\CL.read.1.tlog
D:\Network\Algorithm\Debug\CL.write.1.tlog
D:\Network\Algorithm\Debug\link.command.1.tlog
D:\Network\Algorithm\Debug\link.read.1.tlog
D:\Network\Algorithm\Debug\link.write.1.tlog
D:\Network\Algorithm\Debug\mt.command.1.tlog
D:\Network\Algorithm\Debug\mt.read.1.tlog
D:\Network\Algorithm\Debug\mt.write.1.tlog
D:\Network\Algorithm\Debug\vc100.pdb
D:\NETWORK\NETWORK\ALGORITHM\DEBUG\ALGORITHM.DLL.INTERMEDIATE.MANIFEST
D:\NETWORK\NETWORK\ALGORITHM\DEBUG\ALGORITHM.OBJ
D:\NETWORK\NETWORK\ALGORITHM\DEBUG\VC100.PDB
D:\NETWORK\NETWORK\WIN32\DEBUG\ALGORITHM.DLL
D:\Network\Network\Win32\Debug\Algorithm.exp
D:\NETWORK\NETWORK\WIN32\DEBUG\ALGORITHM.ILK
D:\Network\Network\Win32\Debug\Algorithm.lib
D:\NETWORK\NETWORK\WIN32\DEBUG\ALGORITHM.PDB
D:\Network\Win32\Debug\Algorithm.dll
D:\Network\Win32\Debug\Algorithm.ilk
D:\Network\Win32\Debug\Algorithm.pdb
