D:\Network\Interaction\Debug\cl.command.1.tlog
D:\Network\Interaction\Debug\CL.read.1.tlog
D:\Network\Interaction\Debug\CL.write.1.tlog
D:\Network\Interaction\Debug\Interaction.dll.intermediate.manifest
D:\Network\Interaction\Debug\interaction.obj
D:\Network\Interaction\Debug\Interaction.vcxprojResolveAssemblyReference.cache
D:\Network\Interaction\Debug\Interaction.write.1.tlog
D:\Network\Interaction\Debug\link.command.1.tlog
D:\Network\Interaction\Debug\link.read.1.tlog
D:\Network\Interaction\Debug\link.write.1.tlog
D:\Network\Interaction\Debug\mt.command.1.tlog
D:\Network\Interaction\Debug\mt.read.1.tlog
D:\Network\Interaction\Debug\mt.write.1.tlog
D:\Network\Interaction\Debug\vc100.pdb
D:\NETWORK\NETWORK\INTERACTION\DEBUG\INTERACTION.DLL.INTERMEDIATE.MANIFEST
D:\NETWORK\NETWORK\INTERACTION\DEBUG\INTERACTION.OBJ
D:\NETWORK\NETWORK\INTERACTION\DEBUG\VC100.PDB
D:\NETWORK\NETWORK\WIN32\DEBUG\INTERACTION.DLL
D:\Network\Network\Win32\Debug\Interaction.exp
D:\NETWORK\NETWORK\WIN32\DEBUG\INTERACTION.ILK
D:\Network\Network\Win32\Debug\Interaction.lib
D:\NETWORK\NETWORK\WIN32\DEBUG\INTERACTION.PDB
D:\Network\Win32\Debug\Interaction.dll
D:\Network\Win32\Debug\Interaction.ilk
D:\Network\Win32\Debug\Interaction.pdb
