D:\NETWORK\NETWORK\VISUALIZATION\DEBUG\MOC_VISWIDGET.OBJ
D:\NETWORK\NETWORK\VISUALIZATION\DEBUG\VC100.PDB
D:\NETWORK\NETWORK\VISUALIZATION\DEBUG\VISUALIZATION.DLL.INTERMEDIATE.MANIFEST
D:\NETWORK\NETWORK\VISUALIZATION\DEBUG\VISUALIZATION.OBJ
D:\NETWORK\NETWORK\VISUALIZATION\DEBUG\VISWIDGET.OBJ
D:\NETWORK\NETWORK\VISUALIZATION\GENERATEDFILES\DEBUG\MOC_VISWIDGET.CPP
D:\NETWORK\NETWORK\VISUALIZATION\GENERATEDFILES\UI_VISWIDGET.H
D:\NETWORK\NETWORK\WIN32\DEBUG\VISUALIZATION.DLL
D:\Network\Network\Win32\Debug\Visualization.exp
D:\NETWORK\NETWORK\WIN32\DEBUG\VISUALIZATION.ILK
D:\Network\Network\Win32\Debug\Visualization.lib
D:\NETWORK\NETWORK\WIN32\DEBUG\VISUALIZATION.PDB
D:\Network\Visualization\Debug\cl.command.1.tlog
D:\Network\Visualization\Debug\CL.read.1.tlog
D:\Network\Visualization\Debug\CL.write.1.tlog
D:\Network\Visualization\Debug\custombuild.command.1.tlog
D:\Network\Visualization\Debug\custombuild.read.1.tlog
D:\Network\Visualization\Debug\custombuild.write.1.tlog
D:\Network\Visualization\Debug\link.command.1.tlog
D:\Network\Visualization\Debug\link.read.1.tlog
D:\Network\Visualization\Debug\link.write.1.tlog
D:\Network\Visualization\Debug\moc_viswidget.obj
D:\Network\Visualization\Debug\mt.command.1.tlog
D:\Network\Visualization\Debug\mt.read.1.tlog
D:\Network\Visualization\Debug\mt.write.1.tlog
D:\Network\Visualization\Debug\vc100.pdb
D:\Network\Visualization\Debug\Visualization.dll.intermediate.manifest
D:\Network\Visualization\Debug\visualization.obj
D:\Network\Visualization\Debug\Visualization.vcxprojResolveAssemblyReference.cache
D:\Network\Visualization\Debug\Visualization.write.1.tlog
D:\Network\Visualization\Debug\viswidget.obj
D:\Network\Win32\Debug\Visualization.dll
D:\Network\Win32\Debug\Visualization.ilk
D:\Network\Win32\Debug\Visualization.pdb
