D:\Network\Network\Debug\cl.command.1.tlog
D:\Network\Network\Debug\CL.read.1.tlog
D:\Network\Network\Debug\CL.write.1.tlog
D:\Network\Network\Debug\custombuild.command.1.tlog
D:\Network\Network\Debug\custombuild.read.1.tlog
D:\Network\Network\Debug\custombuild.write.1.tlog
D:\Network\Network\Debug\link.command.1.tlog
D:\Network\Network\Debug\link.read.1.tlog
D:\Network\Network\Debug\link.write.1.tlog
D:\Network\Network\Debug\main.obj
D:\Network\Network\Debug\moc_network.obj
D:\Network\Network\Debug\mt.command.1.tlog
D:\Network\Network\Debug\mt.read.1.tlog
D:\Network\Network\Debug\mt.write.1.tlog
D:\Network\Network\Debug\Network.exe.intermediate.manifest
D:\Network\Network\Debug\network.obj
D:\Network\Network\Debug\Network.write.1.tlog
D:\Network\Network\Debug\qrc_network.obj
D:\Network\Network\Debug\vc100.pdb
D:\NETWORK\NETWORK\NETWORK\DEBUG\MAIN.OBJ
D:\NETWORK\NETWORK\NETWORK\DEBUG\MOC_NETWORK.OBJ
D:\NETWORK\NETWORK\NETWORK\DEBUG\NETWORK.EXE.INTERMEDIATE.MANIFEST
D:\NETWORK\NETWORK\NETWORK\DEBUG\NETWORK.OBJ
D:\NETWORK\NETWORK\NETWORK\DEBUG\QRC_NETWORK.OBJ
D:\NETWORK\NETWORK\NETWORK\DEBUG\VC100.PDB
D:\NETWORK\NETWORK\NETWORK\GENERATEDFILES\DEBUG\MOC_NETWORK.CPP
D:\NETWORK\NETWORK\NETWORK\GENERATEDFILES\QRC_NETWORK.CPP
D:\NETWORK\NETWORK\NETWORK\GENERATEDFILES\UI_NETWORK.H
D:\NETWORK\NETWORK\WIN32\DEBUG\NETWORK.EXE
D:\NETWORK\NETWORK\WIN32\DEBUG\NETWORK.ILK
D:\NETWORK\NETWORK\WIN32\DEBUG\NETWORK.PDB
D:\Network\Win32\Debug\Network.exe
D:\Network\Win32\Debug\Network.ilk
D:\Network\Win32\Debug\Network.pdb
