D:\Network\DataManage\Debug\cl.command.1.tlog
D:\Network\DataManage\Debug\CL.read.1.tlog
D:\Network\DataManage\Debug\CL.write.1.tlog
D:\Network\DataManage\Debug\DataManage.dll.intermediate.manifest
D:\Network\DataManage\Debug\datamanage.obj
D:\Network\DataManage\Debug\DataManage.write.1.tlog
D:\Network\DataManage\Debug\link.command.1.tlog
D:\Network\DataManage\Debug\link.read.1.tlog
D:\Network\DataManage\Debug\link.write.1.tlog
D:\Network\DataManage\Debug\mt.command.1.tlog
D:\Network\DataManage\Debug\mt.read.1.tlog
D:\Network\DataManage\Debug\mt.write.1.tlog
D:\Network\DataManage\Debug\NodeData.obj
D:\Network\DataManage\Debug\vc100.pdb
D:\NETWORK\NETWORK\DATAMANAGE\DEBUG\DATAMANAGE.DLL.INTERMEDIATE.MANIFEST
D:\NETWORK\NETWORK\DATAMANAGE\DEBUG\DATAMANAGE.OBJ
D:\NETWORK\NETWORK\DATAMANAGE\DEBUG\NODEDATA.OBJ
D:\NETWORK\NETWORK\DATAMANAGE\DEBUG\VC100.PDB
D:\NETWORK\NETWORK\WIN32\DEBUG\DATAMANAGE.DLL
D:\Network\Network\Win32\Debug\DataManage.exp
D:\NETWORK\NETWORK\WIN32\DEBUG\DATAMANAGE.ILK
D:\Network\Network\Win32\Debug\DataManage.lib
D:\NETWORK\NETWORK\WIN32\DEBUG\DATAMANAGE.PDB
D:\Network\Win32\Debug\DataManage.pdb
D:\QQ\794861654\FILERECV\NETWORK\NETWORK\DATAMANAGE\DEBUG\DATAMANAGE.OBJ
D:\QQ\794861654\FILERECV\NETWORK\NETWORK\DATAMANAGE\DEBUG\NODEDATA.OBJ
