D:\Network\DataDrive\Debug\cl.command.1.tlog
D:\Network\DataDrive\Debug\CL.read.1.tlog
D:\Network\DataDrive\Debug\CL.write.1.tlog
D:\Network\DataDrive\Debug\DataDrive.dll.intermediate.manifest
D:\Network\DataDrive\Debug\datadrive.obj
D:\Network\DataDrive\Debug\DataDrive.vcxprojResolveAssemblyReference.cache
D:\Network\DataDrive\Debug\DataDrive.write.1.tlog
D:\Network\DataDrive\Debug\link.command.1.tlog
D:\Network\DataDrive\Debug\link.read.1.tlog
D:\Network\DataDrive\Debug\link.write.1.tlog
D:\Network\DataDrive\Debug\mt.command.1.tlog
D:\Network\DataDrive\Debug\mt.read.1.tlog
D:\Network\DataDrive\Debug\mt.write.1.tlog
D:\Network\DataDrive\Debug\vc100.pdb
D:\NETWORK\NETWORK\DATADRIVE\DEBUG\DATADRIVE.DLL.INTERMEDIATE.MANIFEST
D:\NETWORK\NETWORK\DATADRIVE\DEBUG\DATADRIVE.OBJ
D:\NETWORK\NETWORK\DATADRIVE\DEBUG\VC100.PDB
D:\NETWORK\NETWORK\WIN32\DEBUG\DATADRIVE.DLL
D:\Network\Network\Win32\Debug\DataDrive.exp
D:\NETWORK\NETWORK\WIN32\DEBUG\DATADRIVE.ILK
D:\Network\Network\Win32\Debug\DataDrive.lib
D:\NETWORK\NETWORK\WIN32\DEBUG\DATADRIVE.PDB
D:\Network\Win32\Debug\DataDrive.dll
D:\Network\Win32\Debug\DataDrive.ilk
D:\Network\Win32\Debug\DataDrive.pdb
